2026-02-11 06:30:39,331 [INFO] from akka.event.slf4j.Slf4jLogger in application-akka.actor.default-dispatcher-6 - Slf4jLogger started
2026-02-11 06:30:39,392 [INFO] from org.hibernate.validator.internal.util.Version in play-dev-mode-akka.actor.default-dispatcher-7 - HV000001: Hibernate Validator 6.1.0.Final
2026-02-11 06:30:39,481 [INFO] from play.api.http.EnabledFilters in play-dev-mode-akka.actor.default-dispatcher-7 - Enabled Filters (see <https://www.playframework.com/documentation/latest/Filters>):

    play.filters.csrf.CSRFFilter
    play.filters.headers.SecurityHeadersFilter
    play.filters.hosts.AllowedHostsFilter
    play.filters.csrf.CSRFFilter

2026-02-11 06:30:39,483 [INFO] from play.api.Play in play-dev-mode-akka.actor.default-dispatcher-7 - Application started (Dev) (no global state)
2026-02-11 06:31:14,906 [INFO] from play.core.server.AkkaHttpServer in play-dev-mode-shutdown-hook-1 - Stopping Akka HTTP server...
2026-02-11 06:31:14,909 [INFO] from play.core.server.AkkaHttpServer in play-dev-mode-akka.actor.internal-dispatcher-28 - Terminating server binding for /0:0:0:0:0:0:0:0:9000
2026-02-11 06:31:44,923 [WARN] from akka.actor.CoordinatedShutdown in play-dev-mode-akka.actor.default-dispatcher-4 - CoordinatedShutdown from JVM shutdown failed: Future timed out after [30000 milliseconds]
2026-02-21 07:50:09,350 [INFO] from akka.event.slf4j.Slf4jLogger in application-akka.actor.default-dispatcher-4 - Slf4jLogger started
2026-02-21 07:50:09,590 [INFO] from org.hibernate.validator.internal.util.Version in main - HV000001: Hibernate Validator 6.1.0.Final
2026-02-21 07:50:09,826 [INFO] from play.api.Play in main - Application started (Prod) (no global state)
2026-02-21 07:50:10,024 [INFO] from play.core.server.AkkaHttpServer in main - Listening for HTTP on /0:0:0:0:0:0:0:0:9000
2026-02-21 07:51:33,716 [INFO] from play.api.internal.libs.concurrent.CoordinatedShutdownSupport in Thread-0 - Starting synchronous coordinated shutdown with ServerStoppedReason reason and 2147508000 milliseconds timeout
2026-02-21 07:51:33,717 [INFO] from play.core.server.AkkaHttpServer in Thread-0 - Stopping Akka HTTP server...
2026-02-21 07:51:33,721 [INFO] from play.core.server.AkkaHttpServer in application-akka.actor.internal-dispatcher-3 - Terminating server binding for /0:0:0:0:0:0:0:0:9000
2026-02-21 07:51:33,735 [INFO] from play.core.server.AkkaHttpServer in application-akka.actor.internal-dispatcher-5 - Running provided shutdown stop hooks
2026-02-21 08:07:49,829 [INFO] from akka.event.slf4j.Slf4jLogger in application-akka.actor.default-dispatcher-4 - Slf4jLogger started
2026-02-21 08:07:50,088 [INFO] from org.hibernate.validator.internal.util.Version in main - HV000001: Hibernate Validator 6.1.0.Final
2026-02-21 08:07:50,344 [INFO] from play.api.Play in main - Application started (Prod) (no global state)
2026-02-21 08:07:50,558 [INFO] from play.core.server.AkkaHttpServer in main - Listening for HTTP on /0:0:0:0:0:0:0:0:9000
2026-02-21 08:10:22,139 [INFO] from play.api.internal.libs.concurrent.CoordinatedShutdownSupport in Thread-0 - Starting synchronous coordinated shutdown with ServerStoppedReason reason and 2147508000 milliseconds timeout
2026-02-21 08:10:22,141 [INFO] from play.core.server.AkkaHttpServer in Thread-0 - Stopping Akka HTTP server...
2026-02-21 08:10:22,146 [INFO] from play.core.server.AkkaHttpServer in application-akka.actor.internal-dispatcher-5 - Terminating server binding for /0:0:0:0:0:0:0:0:9000
2026-02-21 08:10:22,161 [INFO] from play.core.server.AkkaHttpServer in application-akka.actor.internal-dispatcher-2 - Running provided shutdown stop hooks
2026-02-21 08:12:58,318 [INFO] from akka.event.slf4j.Slf4jLogger in application-akka.actor.default-dispatcher-4 - Slf4jLogger started
2026-02-21 08:12:58,569 [INFO] from org.hibernate.validator.internal.util.Version in main - HV000001: Hibernate Validator 6.1.0.Final
2026-02-21 08:12:58,811 [INFO] from play.api.Play in main - Application started (Prod) (no global state)
2026-02-21 08:12:59,034 [INFO] from play.core.server.AkkaHttpServer in main - Listening for HTTP on /0:0:0:0:0:0:0:0:9000
2026-02-21 08:16:26,848 [INFO] from play.api.internal.libs.concurrent.CoordinatedShutdownSupport in Thread-0 - Starting synchronous coordinated shutdown with ServerStoppedReason reason and 2147508000 milliseconds timeout
2026-02-21 08:16:26,851 [INFO] from play.core.server.AkkaHttpServer in Thread-0 - Stopping Akka HTTP server...
2026-02-21 08:16:26,859 [INFO] from play.core.server.AkkaHttpServer in application-akka.actor.internal-dispatcher-5 - Terminating server binding for /0:0:0:0:0:0:0:0:9000
2026-02-21 08:16:26,874 [INFO] from play.core.server.AkkaHttpServer in application-akka.actor.internal-dispatcher-5 - Running provided shutdown stop hooks
2026-02-21 08:19:33,344 [INFO] from akka.event.slf4j.Slf4jLogger in application-akka.actor.default-dispatcher-4 - Slf4jLogger started
2026-02-21 08:19:33,588 [INFO] from org.hibernate.validator.internal.util.Version in main - HV000001: Hibernate Validator 6.1.0.Final
2026-02-21 08:19:33,832 [INFO] from play.api.Play in main - Application started (Prod) (no global state)
2026-02-21 08:19:34,038 [INFO] from play.core.server.AkkaHttpServer in main - Listening for HTTP on /0:0:0:0:0:0:0:0:9000
2026-02-21 08:21:53,314 [INFO] from play.api.internal.libs.concurrent.CoordinatedShutdownSupport in Thread-0 - Starting synchronous coordinated shutdown with ServerStoppedReason reason and 2147508000 milliseconds timeout
2026-02-21 08:21:53,316 [INFO] from play.core.server.AkkaHttpServer in Thread-0 - Stopping Akka HTTP server...
2026-02-21 08:21:53,323 [INFO] from play.core.server.AkkaHttpServer in application-akka.actor.internal-dispatcher-3 - Terminating server binding for /0:0:0:0:0:0:0:0:9000
2026-02-21 08:21:53,334 [INFO] from play.core.server.AkkaHttpServer in application-akka.actor.internal-dispatcher-3 - Running provided shutdown stop hooks
2026-02-21 09:04:13,334 [INFO] from akka.event.slf4j.Slf4jLogger in application-akka.actor.default-dispatcher-4 - Slf4jLogger started
2026-02-21 09:04:13,602 [INFO] from org.hibernate.validator.internal.util.Version in main - HV000001: Hibernate Validator 6.1.0.Final
2026-02-21 09:04:13,837 [INFO] from play.api.Play in main - Application started (Prod) (no global state)
2026-02-21 09:04:14,068 [INFO] from play.core.server.AkkaHttpServer in main - Listening for HTTP on /0:0:0:0:0:0:0:0:9000
2026-02-21 09:05:15,196 [INFO] from play.api.internal.libs.concurrent.CoordinatedShutdownSupport in Thread-0 - Starting synchronous coordinated shutdown with ServerStoppedReason reason and 2147508000 milliseconds timeout
2026-02-21 09:05:15,200 [INFO] from play.core.server.AkkaHttpServer in Thread-0 - Stopping Akka HTTP server...
2026-02-21 09:05:15,207 [INFO] from play.core.server.AkkaHttpServer in application-akka.actor.internal-dispatcher-2 - Terminating server binding for /0:0:0:0:0:0:0:0:9000
2026-02-21 09:05:15,226 [INFO] from play.core.server.AkkaHttpServer in application-akka.actor.internal-dispatcher-14 - Running provided shutdown stop hooks
2026-02-21 09:06:32,898 [INFO] from akka.event.slf4j.Slf4jLogger in application-akka.actor.default-dispatcher-4 - Slf4jLogger started
2026-02-21 09:06:33,178 [INFO] from org.hibernate.validator.internal.util.Version in main - HV000001: Hibernate Validator 6.1.0.Final
2026-02-21 09:06:33,435 [INFO] from play.api.Play in main - Application started (Prod) (no global state)
2026-02-21 09:06:33,660 [INFO] from play.core.server.AkkaHttpServer in main - Listening for HTTP on /0:0:0:0:0:0:0:0:9000
2026-02-21 09:08:43,048 [INFO] from play.api.internal.libs.concurrent.CoordinatedShutdownSupport in Thread-0 - Starting synchronous coordinated shutdown with ServerStoppedReason reason and 2147508000 milliseconds timeout
2026-02-21 09:08:43,050 [INFO] from play.core.server.AkkaHttpServer in Thread-0 - Stopping Akka HTTP server...
2026-02-21 09:08:43,056 [INFO] from play.core.server.AkkaHttpServer in application-akka.actor.internal-dispatcher-15 - Terminating server binding for /0:0:0:0:0:0:0:0:9000
2026-02-21 09:08:43,065 [INFO] from play.core.server.AkkaHttpServer in application-akka.actor.internal-dispatcher-15 - Running provided shutdown stop hooks
2026-02-21 09:11:57,778 [INFO] from akka.event.slf4j.Slf4jLogger in application-akka.actor.default-dispatcher-4 - Slf4jLogger started
2026-02-21 09:11:58,038 [INFO] from org.hibernate.validator.internal.util.Version in main - HV000001: Hibernate Validator 6.1.0.Final
2026-02-21 09:11:58,297 [INFO] from play.api.Play in main - Application started (Prod) (no global state)
2026-02-21 09:11:58,521 [INFO] from play.core.server.AkkaHttpServer in main - Listening for HTTP on /0:0:0:0:0:0:0:0:9000
2026-02-21 09:13:31,197 [INFO] from play.api.internal.libs.concurrent.CoordinatedShutdownSupport in Thread-0 - Starting synchronous coordinated shutdown with ServerStoppedReason reason and 2147508000 milliseconds timeout
2026-02-21 09:13:31,200 [INFO] from play.core.server.AkkaHttpServer in Thread-0 - Stopping Akka HTTP server...
2026-02-21 09:13:31,217 [INFO] from play.core.server.AkkaHttpServer in application-akka.actor.internal-dispatcher-16 - Terminating server binding for /0:0:0:0:0:0:0:0:9000
2026-02-21 09:13:31,265 [INFO] from play.core.server.AkkaHttpServer in application-akka.actor.internal-dispatcher-5 - Running provided shutdown stop hooks
2026-02-21 09:16:49,203 [INFO] from akka.event.slf4j.Slf4jLogger in application-akka.actor.default-dispatcher-4 - Slf4jLogger started
2026-02-21 09:16:49,460 [INFO] from org.hibernate.validator.internal.util.Version in main - HV000001: Hibernate Validator 6.1.0.Final
2026-02-21 09:16:49,692 [INFO] from play.api.Play in main - Application started (Prod) (no global state)
2026-02-21 09:16:49,915 [INFO] from play.core.server.AkkaHttpServer in main - Listening for HTTP on /0:0:0:0:0:0:0:0:9000
2026-02-21 09:18:40,837 [INFO] from play.api.internal.libs.concurrent.CoordinatedShutdownSupport in Thread-0 - Starting synchronous coordinated shutdown with ServerStoppedReason reason and 2147508000 milliseconds timeout
2026-02-21 09:18:40,840 [INFO] from play.core.server.AkkaHttpServer in Thread-0 - Stopping Akka HTTP server...
2026-02-21 09:18:40,845 [INFO] from play.core.server.AkkaHttpServer in application-akka.actor.internal-dispatcher-2 - Terminating server binding for /0:0:0:0:0:0:0:0:9000
2026-02-21 09:18:40,856 [INFO] from play.core.server.AkkaHttpServer in application-akka.actor.internal-dispatcher-5 - Running provided shutdown stop hooks
2026-02-21 09:34:11,044 [INFO] from akka.event.slf4j.Slf4jLogger in application-akka.actor.default-dispatcher-4 - Slf4jLogger started
2026-02-21 09:34:11,288 [INFO] from org.hibernate.validator.internal.util.Version in main - HV000001: Hibernate Validator 6.1.0.Final
2026-02-21 09:34:11,530 [INFO] from play.api.Play in main - Application started (Prod) (no global state)
2026-02-21 09:34:11,735 [INFO] from play.core.server.AkkaHttpServer in main - Listening for HTTP on /0:0:0:0:0:0:0:0:9000
2026-02-21 09:36:22,226 [INFO] from play.api.internal.libs.concurrent.CoordinatedShutdownSupport in Thread-0 - Starting synchronous coordinated shutdown with ServerStoppedReason reason and 2147508000 milliseconds timeout
2026-02-21 09:36:22,229 [INFO] from play.core.server.AkkaHttpServer in Thread-0 - Stopping Akka HTTP server...
2026-02-21 09:36:22,236 [INFO] from play.core.server.AkkaHttpServer in application-akka.actor.internal-dispatcher-3 - Terminating server binding for /0:0:0:0:0:0:0:0:9000
2026-02-21 09:36:22,249 [INFO] from play.core.server.AkkaHttpServer in application-akka.actor.internal-dispatcher-3 - Running provided shutdown stop hooks
2026-02-21 09:55:07,087 [INFO] from akka.event.slf4j.Slf4jLogger in application-akka.actor.default-dispatcher-4 - Slf4jLogger started
2026-02-21 09:55:07,384 [INFO] from org.hibernate.validator.internal.util.Version in main - HV000001: Hibernate Validator 6.1.0.Final
2026-02-21 09:55:07,647 [INFO] from play.api.Play in main - Application started (Prod) (no global state)
2026-02-21 09:55:07,911 [INFO] from play.core.server.AkkaHttpServer in main - Listening for HTTP on /0:0:0:0:0:0:0:0:9000
2026-02-21 09:55:46,280 [INFO] from play.api.internal.libs.concurrent.CoordinatedShutdownSupport in Thread-0 - Starting synchronous coordinated shutdown with ServerStoppedReason reason and 2147508000 milliseconds timeout
2026-02-21 09:55:46,283 [INFO] from play.core.server.AkkaHttpServer in Thread-0 - Stopping Akka HTTP server...
2026-02-21 09:55:46,291 [INFO] from play.core.server.AkkaHttpServer in application-akka.actor.internal-dispatcher-5 - Terminating server binding for /0:0:0:0:0:0:0:0:9000
2026-02-21 09:55:46,312 [INFO] from play.core.server.AkkaHttpServer in application-akka.actor.internal-dispatcher-2 - Running provided shutdown stop hooks
2026-02-21 10:28:59,732 [INFO] from akka.event.slf4j.Slf4jLogger in application-akka.actor.default-dispatcher-4 - Slf4jLogger started
2026-02-21 10:29:00,002 [INFO] from org.hibernate.validator.internal.util.Version in main - HV000001: Hibernate Validator 6.1.0.Final
2026-02-21 10:29:00,259 [INFO] from play.api.Play in main - Application started (Prod) (no global state)
2026-02-21 10:29:00,503 [INFO] from play.core.server.AkkaHttpServer in main - Listening for HTTP on /0:0:0:0:0:0:0:0:9000
2026-02-21 10:29:46,645 [INFO] from play.api.internal.libs.concurrent.CoordinatedShutdownSupport in Thread-0 - Starting synchronous coordinated shutdown with ServerStoppedReason reason and 2147508000 milliseconds timeout
2026-02-21 10:29:46,648 [INFO] from play.core.server.AkkaHttpServer in Thread-0 - Stopping Akka HTTP server...
2026-02-21 10:29:46,653 [INFO] from play.core.server.AkkaHttpServer in application-akka.actor.internal-dispatcher-3 - Terminating server binding for /0:0:0:0:0:0:0:0:9000
2026-02-21 10:29:46,672 [INFO] from play.core.server.AkkaHttpServer in application-akka.actor.internal-dispatcher-3 - Running provided shutdown stop hooks
2026-02-21 23:39:20,045 [INFO] from akka.event.slf4j.Slf4jLogger in application-akka.actor.default-dispatcher-4 - Slf4jLogger started
2026-02-21 23:39:20,304 [INFO] from org.hibernate.validator.internal.util.Version in main - HV000001: Hibernate Validator 6.1.0.Final
2026-02-21 23:39:20,552 [INFO] from play.api.Play in main - Application started (Prod) (no global state)
2026-02-21 23:39:20,780 [INFO] from play.core.server.AkkaHttpServer in main - Listening for HTTP on /0:0:0:0:0:0:0:0:9000
2026-02-21 23:40:33,071 [INFO] from play.api.internal.libs.concurrent.CoordinatedShutdownSupport in Thread-0 - Starting synchronous coordinated shutdown with ServerStoppedReason reason and 2147508000 milliseconds timeout
2026-02-21 23:40:33,074 [INFO] from play.core.server.AkkaHttpServer in Thread-0 - Stopping Akka HTTP server...
2026-02-21 23:40:33,080 [INFO] from play.core.server.AkkaHttpServer in application-akka.actor.internal-dispatcher-3 - Terminating server binding for /0:0:0:0:0:0:0:0:9000
2026-02-21 23:40:33,093 [INFO] from play.core.server.AkkaHttpServer in application-akka.actor.internal-dispatcher-5 - Running provided shutdown stop hooks
2026-02-22 03:45:51,826 [INFO] from akka.event.slf4j.Slf4jLogger in application-akka.actor.default-dispatcher-4 - Slf4jLogger started
2026-02-22 03:45:52,076 [INFO] from org.hibernate.validator.internal.util.Version in main - HV000001: Hibernate Validator 6.1.0.Final
2026-02-22 03:45:52,313 [INFO] from play.api.Play in main - Application started (Prod) (no global state)
2026-02-22 03:45:52,540 [INFO] from play.core.server.AkkaHttpServer in main - Listening for HTTP on /0:0:0:0:0:0:0:0:9000
2026-02-22 03:46:12,358 [INFO] from play.api.internal.libs.concurrent.CoordinatedShutdownSupport in Thread-0 - Starting synchronous coordinated shutdown with ServerStoppedReason reason and 2147508000 milliseconds timeout
2026-02-22 03:46:12,360 [INFO] from play.core.server.AkkaHttpServer in Thread-0 - Stopping Akka HTTP server...
2026-02-22 03:46:12,366 [INFO] from play.core.server.AkkaHttpServer in application-akka.actor.internal-dispatcher-16 - Terminating server binding for /0:0:0:0:0:0:0:0:9000
2026-02-22 03:46:12,384 [INFO] from play.core.server.AkkaHttpServer in application-akka.actor.internal-dispatcher-17 - Running provided shutdown stop hooks
2026-02-25 00:20:49,060 [INFO] from akka.event.slf4j.Slf4jLogger in application-akka.actor.default-dispatcher-4 - Slf4jLogger started
2026-02-25 00:20:49,320 [INFO] from org.hibernate.validator.internal.util.Version in main - HV000001: Hibernate Validator 6.1.0.Final
2026-02-25 00:20:49,574 [INFO] from play.api.Play in main - Application started (Prod) (no global state)
2026-02-25 00:20:49,795 [INFO] from play.core.server.AkkaHttpServer in main - Listening for HTTP on /0:0:0:0:0:0:0:0:9000
2026-02-25 00:22:13,953 [INFO] from play.api.internal.libs.concurrent.CoordinatedShutdownSupport in Thread-0 - Starting synchronous coordinated shutdown with ServerStoppedReason reason and 2147508000 milliseconds timeout
2026-02-25 00:22:13,956 [INFO] from play.core.server.AkkaHttpServer in Thread-0 - Stopping Akka HTTP server...
2026-02-25 00:22:13,963 [INFO] from play.core.server.AkkaHttpServer in application-akka.actor.internal-dispatcher-17 - Terminating server binding for /0:0:0:0:0:0:0:0:9000
2026-02-25 00:22:13,976 [INFO] from play.core.server.AkkaHttpServer in application-akka.actor.internal-dispatcher-17 - Running provided shutdown stop hooks
2026-02-25 01:12:02,855 [INFO] from akka.event.slf4j.Slf4jLogger in application-akka.actor.default-dispatcher-4 - Slf4jLogger started
2026-02-25 01:12:03,112 [INFO] from org.hibernate.validator.internal.util.Version in main - HV000001: Hibernate Validator 6.1.0.Final
2026-02-25 01:12:03,367 [INFO] from play.api.Play in main - Application started (Prod) (no global state)
2026-02-25 01:12:03,599 [INFO] from play.core.server.AkkaHttpServer in main - Listening for HTTP on /0:0:0:0:0:0:0:0:9000
2026-02-25 02:13:20,388 [INFO] from play.api.internal.libs.concurrent.CoordinatedShutdownSupport in Thread-0 - Starting synchronous coordinated shutdown with ServerStoppedReason reason and 2147508000 milliseconds timeout
2026-02-25 02:13:20,389 [INFO] from play.core.server.AkkaHttpServer in Thread-0 - Stopping Akka HTTP server...
2026-02-25 02:13:20,394 [INFO] from play.core.server.AkkaHttpServer in application-akka.actor.internal-dispatcher-2 - Terminating server binding for /0:0:0:0:0:0:0:0:9000
2026-02-25 02:13:20,413 [INFO] from play.core.server.AkkaHttpServer in application-akka.actor.internal-dispatcher-20 - Running provided shutdown stop hooks
2026-02-26 06:46:09,932 [INFO] from akka.event.slf4j.Slf4jLogger in application-akka.actor.default-dispatcher-4 - Slf4jLogger started
2026-02-26 06:46:10,194 [INFO] from org.hibernate.validator.internal.util.Version in main - HV000001: Hibernate Validator 6.1.0.Final
2026-02-26 06:46:10,446 [INFO] from play.api.Play in main - Application started (Prod) (no global state)
2026-02-26 06:46:10,662 [INFO] from play.core.server.AkkaHttpServer in main - Listening for HTTP on /0:0:0:0:0:0:0:0:9000
2026-02-26 06:46:37,564 [INFO] from play.api.internal.libs.concurrent.CoordinatedShutdownSupport in Thread-0 - Starting synchronous coordinated shutdown with ServerStoppedReason reason and 2147508000 milliseconds timeout
2026-02-26 06:46:37,567 [INFO] from play.core.server.AkkaHttpServer in Thread-0 - Stopping Akka HTTP server...
2026-02-26 06:46:37,574 [INFO] from play.core.server.AkkaHttpServer in application-akka.actor.internal-dispatcher-16 - Terminating server binding for /0:0:0:0:0:0:0:0:9000
2026-02-26 06:46:37,597 [INFO] from play.core.server.AkkaHttpServer in application-akka.actor.internal-dispatcher-18 - Running provided shutdown stop hooks
2026-02-26 06:53:20,352 [INFO] from akka.event.slf4j.Slf4jLogger in application-akka.actor.default-dispatcher-4 - Slf4jLogger started
2026-02-26 06:53:20,602 [INFO] from org.hibernate.validator.internal.util.Version in main - HV000001: Hibernate Validator 6.1.0.Final
2026-02-26 06:53:20,836 [INFO] from play.api.Play in main - Application started (Prod) (no global state)
2026-02-26 06:53:21,066 [INFO] from play.core.server.AkkaHttpServer in main - Listening for HTTP on /0:0:0:0:0:0:0:0:9000
2026-02-26 06:53:36,235 [INFO] from play.api.internal.libs.concurrent.CoordinatedShutdownSupport in Thread-0 - Starting synchronous coordinated shutdown with ServerStoppedReason reason and 2147508000 milliseconds timeout
2026-02-26 06:53:36,238 [INFO] from play.core.server.AkkaHttpServer in Thread-0 - Stopping Akka HTTP server...
2026-02-26 06:53:36,245 [INFO] from play.core.server.AkkaHttpServer in application-akka.actor.internal-dispatcher-2 - Terminating server binding for /0:0:0:0:0:0:0:0:9000
2026-02-26 06:53:36,261 [INFO] from play.core.server.AkkaHttpServer in application-akka.actor.internal-dispatcher-5 - Running provided shutdown stop hooks
2026-02-26 07:34:49,364 [INFO] from akka.event.slf4j.Slf4jLogger in application-akka.actor.default-dispatcher-4 - Slf4jLogger started
2026-02-26 07:34:49,606 [INFO] from org.hibernate.validator.internal.util.Version in main - HV000001: Hibernate Validator 6.1.0.Final
2026-02-26 07:34:49,838 [INFO] from play.api.Play in main - Application started (Prod) (no global state)
2026-02-26 07:34:50,033 [INFO] from play.core.server.AkkaHttpServer in main - Listening for HTTP on /0:0:0:0:0:0:0:0:9000
2026-02-26 07:39:02,140 [INFO] from play.api.internal.libs.concurrent.CoordinatedShutdownSupport in Thread-0 - Starting synchronous coordinated shutdown with ServerStoppedReason reason and 2147508000 milliseconds timeout
2026-02-26 07:39:02,143 [INFO] from play.core.server.AkkaHttpServer in Thread-0 - Stopping Akka HTTP server...
2026-02-26 07:39:02,151 [INFO] from play.core.server.AkkaHttpServer in application-akka.actor.internal-dispatcher-5 - Terminating server binding for /0:0:0:0:0:0:0:0:9000
2026-02-26 07:39:02,163 [INFO] from play.core.server.AkkaHttpServer in application-akka.actor.internal-dispatcher-5 - Running provided shutdown stop hooks
2026-02-26 23:58:34,499 [INFO] from akka.event.slf4j.Slf4jLogger in application-akka.actor.default-dispatcher-4 - Slf4jLogger started
2026-02-26 23:58:34,764 [INFO] from org.hibernate.validator.internal.util.Version in main - HV000001: Hibernate Validator 6.1.0.Final
2026-02-26 23:58:35,038 [INFO] from play.api.Play in main - Application started (Prod) (no global state)
2026-02-26 23:58:35,272 [INFO] from play.core.server.AkkaHttpServer in main - Listening for HTTP on /0:0:0:0:0:0:0:0:9000
2026-02-27 00:04:33,519 [INFO] from play.api.internal.libs.concurrent.CoordinatedShutdownSupport in Thread-0 - Starting synchronous coordinated shutdown with ServerStoppedReason reason and 2147508000 milliseconds timeout
2026-02-27 00:04:33,521 [INFO] from play.core.server.AkkaHttpServer in Thread-0 - Stopping Akka HTTP server...
2026-02-27 00:04:33,525 [INFO] from play.core.server.AkkaHttpServer in application-akka.actor.internal-dispatcher-34 - Terminating server binding for /0:0:0:0:0:0:0:0:9000
2026-02-27 00:04:33,539 [INFO] from play.core.server.AkkaHttpServer in application-akka.actor.internal-dispatcher-34 - Running provided shutdown stop hooks
